<?xml version="1.0" encoding="UTF-8"?>
<!-- Generated by org.testng.reporters.JUnitReportReporter -->
<testsuite hostname="windows" failures="0" tests="1" name="test.HomeTest" time="67.337" errors="0" timestamp="2020-05-27T05:35:28 PDT" skipped="0">
  <testcase classname="test.HomeTest" name="test" time="67.337"/>
  <system-out/>
</testsuite> <!-- test.HomeTest -->
