<?xml version="1.0" encoding="UTF-8"?>
<!-- Generated by org.testng.reporters.JUnitReportReporter -->
<testsuite hostname="windows" failures="0" tests="1" name="test.LoginTest" time="59.023" errors="0" timestamp="2020-05-24T09:21:53 PDT" skipped="0">
  <testcase classname="test.LoginTest" name="login" time="59.023"/>
  <system-out/>
</testsuite> <!-- test.LoginTest -->
