<?xml version="1.0" encoding="UTF-8"?>
<!-- Generated by org.testng.reporters.JUnitReportReporter -->
<testsuite hostname="windows" failures="0" tests="1" name="test.LoginTest" time="37.079" errors="0" timestamp="2020-05-24T09:11:06 PDT" skipped="0">
  <testcase classname="test.LoginTest" name="test" time="37.079"/>
  <system-out/>
</testsuite> <!-- test.LoginTest -->
