<?xml version="1.0" encoding="UTF-8"?>
<!-- Generated by org.testng.reporters.JUnitReportReporter -->
<testsuite hostname="windows" failures="0" tests="1" name="test.LoginTest" time="36.486" errors="0" timestamp="2020-05-23T19:17:25 PDT" skipped="0">
  <testcase classname="test.LoginTest" name="test" time="36.486"/>
  <system-out/>
</testsuite> <!-- test.LoginTest -->
